Analysis & Synthesis report for TM1638
Mon May 18 12:21:24 2020
Quartus II 64-Bit Version 13.0.1 Build 232 06/12/2013 Service Pack 1 SJ Web Edition


---------------------
; Table of Contents ;
---------------------
  1. Legal Notice
  2. Analysis & Synthesis Summary
  3. Analysis & Synthesis Settings
  4. Parallel Compilation
  5. Analysis & Synthesis Source Files Read
  6. Analysis & Synthesis Resource Usage Summary
  7. Analysis & Synthesis Resource Utilization by Entity
  8. Analysis & Synthesis IP Cores Summary
  9. State Machine - |tm1638|TM1638_shifter:CMD|fstate
 10. Registers Removed During Synthesis
 11. Removed Registers Triggering Further Register Optimizations
 12. General Register Statistics
 13. Multiplexer Restructuring Statistics (Restructuring Performed)
 14. Parameter Settings for User Entity Instance: cnt_clock_div:CNT_CLOCK_DIV|lpm_counter:LPM_COUNTER_component
 15. Parameter Settings for User Entity Instance: TM1638_shifter:CMD
 16. Analysis & Synthesis Messages



----------------
; Legal Notice ;
----------------
Copyright (C) 1991-2013 Altera Corporation
Your use of Altera Corporation's design tools, logic functions 
and other software and tools, and its AMPP partner logic 
functions, and any output files from any of the foregoing 
(including device programming or simulation files), and any 
associated documentation or information are expressly subject 
to the terms and conditions of the Altera Program License 
Subscription Agreement, Altera MegaCore Function License 
Agreement, or other applicable license agreement, including, 
without limitation, that your use is for the sole purpose of 
programming logic devices manufactured by Altera and sold by 
Altera or its authorized distributors.  Please refer to the 
applicable agreement for further details.



+-------------------------------------------------------------------------------+
; Analysis & Synthesis Summary                                                  ;
+-----------------------------+-------------------------------------------------+
; Analysis & Synthesis Status ; Successful - Mon May 18 12:21:24 2020           ;
; Quartus II 64-Bit Version   ; 13.0.1 Build 232 06/12/2013 SP 1 SJ Web Edition ;
; Revision Name               ; TM1638                                          ;
; Top-level Entity Name       ; tm1638                                          ;
; Family                      ; MAX II                                          ;
; Total logic elements        ; 34                                              ;
; Total pins                  ; 6                                               ;
; Total virtual pins          ; 0                                               ;
; UFM blocks                  ; 0 / 1 ( 0 % )                                   ;
+-----------------------------+-------------------------------------------------+


+----------------------------------------------------------------------------------------------------------------------+
; Analysis & Synthesis Settings                                                                                        ;
+----------------------------------------------------------------------------+--------------------+--------------------+
; Option                                                                     ; Setting            ; Default Value      ;
+----------------------------------------------------------------------------+--------------------+--------------------+
; Device                                                                     ; EPM240T100C5       ;                    ;
; Top-level entity name                                                      ; tm1638             ; TM1638             ;
; Family name                                                                ; MAX II             ; Cyclone V          ;
; Use smart compilation                                                      ; Off                ; Off                ;
; Enable parallel Assembler and TimeQuest Timing Analyzer during compilation ; On                 ; On                 ;
; Enable compact report table                                                ; Off                ; Off                ;
; Restructure Multiplexers                                                   ; Auto               ; Auto               ;
; Create Debugging Nodes for IP Cores                                        ; Off                ; Off                ;
; Preserve fewer node names                                                  ; On                 ; On                 ;
; Disable OpenCore Plus hardware evaluation                                  ; Off                ; Off                ;
; Verilog Version                                                            ; Verilog_2001       ; Verilog_2001       ;
; VHDL Version                                                               ; VHDL_1993          ; VHDL_1993          ;
; State Machine Processing                                                   ; Auto               ; Auto               ;
; Safe State Machine                                                         ; Off                ; Off                ;
; Extract Verilog State Machines                                             ; On                 ; On                 ;
; Extract VHDL State Machines                                                ; On                 ; On                 ;
; Ignore Verilog initial constructs                                          ; Off                ; Off                ;
; Iteration limit for constant Verilog loops                                 ; 5000               ; 5000               ;
; Iteration limit for non-constant Verilog loops                             ; 250                ; 250                ;
; Add Pass-Through Logic to Inferred RAMs                                    ; On                 ; On                 ;
; Infer RAMs from Raw Logic                                                  ; On                 ; On                 ;
; Parallel Synthesis                                                         ; On                 ; On                 ;
; NOT Gate Push-Back                                                         ; On                 ; On                 ;
; Power-Up Don't Care                                                        ; On                 ; On                 ;
; Remove Redundant Logic Cells                                               ; Off                ; Off                ;
; Remove Duplicate Registers                                                 ; On                 ; On                 ;
; Ignore CARRY Buffers                                                       ; Off                ; Off                ;
; Ignore CASCADE Buffers                                                     ; Off                ; Off                ;
; Ignore GLOBAL Buffers                                                      ; Off                ; Off                ;
; Ignore ROW GLOBAL Buffers                                                  ; Off                ; Off                ;
; Ignore LCELL Buffers                                                       ; Off                ; Off                ;
; Ignore SOFT Buffers                                                        ; On                 ; On                 ;
; Limit AHDL Integers to 32 Bits                                             ; Off                ; Off                ;
; Optimization Technique                                                     ; Balanced           ; Balanced           ;
; Carry Chain Length                                                         ; 70                 ; 70                 ;
; Auto Carry Chains                                                          ; On                 ; On                 ;
; Auto Open-Drain Pins                                                       ; On                 ; On                 ;
; Perform WYSIWYG Primitive Resynthesis                                      ; Off                ; Off                ;
; Auto Shift Register Replacement                                            ; Auto               ; Auto               ;
; Allow Shift Register Merging across Hierarchies                            ; Auto               ; Auto               ;
; Auto Clock Enable Replacement                                              ; On                 ; On                 ;
; Allow Synchronous Control Signals                                          ; On                 ; On                 ;
; Force Use of Synchronous Clear Signals                                     ; Off                ; Off                ;
; Auto Resource Sharing                                                      ; Off                ; Off                ;
; Use LogicLock Constraints during Resource Balancing                        ; On                 ; On                 ;
; Ignore translate_off and synthesis_off directives                          ; Off                ; Off                ;
; Report Parameter Settings                                                  ; On                 ; On                 ;
; Report Source Assignments                                                  ; On                 ; On                 ;
; Report Connectivity Checks                                                 ; On                 ; On                 ;
; Ignore Maximum Fan-Out Assignments                                         ; Off                ; Off                ;
; Synchronization Register Chain Length                                      ; 2                  ; 2                  ;
; PowerPlay Power Optimization                                               ; Normal compilation ; Normal compilation ;
; HDL message level                                                          ; Level2             ; Level2             ;
; Suppress Register Optimization Related Messages                            ; Off                ; Off                ;
; Number of Removed Registers Reported in Synthesis Report                   ; 5000               ; 5000               ;
; Number of Swept Nodes Reported in Synthesis Report                         ; 5000               ; 5000               ;
; Number of Inverted Registers Reported in Synthesis Report                  ; 100                ; 100                ;
; Clock MUX Protection                                                       ; On                 ; On                 ;
; Block Design Naming                                                        ; Auto               ; Auto               ;
; Synthesis Effort                                                           ; Auto               ; Auto               ;
; Shift Register Replacement - Allow Asynchronous Clear Signal               ; On                 ; On                 ;
; Pre-Mapping Resynthesis Optimization                                       ; Off                ; Off                ;
; Analysis & Synthesis Message Level                                         ; Medium             ; Medium             ;
; Disable Register Merging Across Hierarchies                                ; Auto               ; Auto               ;
; Synthesis Seed                                                             ; 1                  ; 1                  ;
+----------------------------------------------------------------------------+--------------------+--------------------+


Parallel compilation was disabled, but you have multiple processors available. Enable parallel compilation to reduce compilation time.
+-------------------------------------+
; Parallel Compilation                ;
+----------------------------+--------+
; Processors                 ; Number ;
+----------------------------+--------+
; Number detected on machine ; 4      ;
; Maximum allowed            ; 1      ;
+----------------------------+--------+


+-------------------------------------------------------------------------------------------------------------------------------------------------------------------------+
; Analysis & Synthesis Source Files Read                                                                                                                                  ;
+----------------------------------+-----------------+------------------------------+---------------------------------------------------------------------------+---------+
; File Name with User-Entered Path ; Used in Netlist ; File Type                    ; File Name with Absolute Path                                              ; Library ;
+----------------------------------+-----------------+------------------------------+---------------------------------------------------------------------------+---------+
; tm1638.v                         ; yes             ; User Verilog HDL File        ; E:/OneDrive/Documents/Electronics/altera/TM1638/tm1638.v                  ;         ;
; cnt_clock_div.v                  ; yes             ; User Wizard-Generated File   ; E:/OneDrive/Documents/Electronics/altera/TM1638/cnt_clock_div.v           ;         ;
; TM1638_shifter.v                 ; yes             ; User Verilog HDL File        ; E:/OneDrive/Documents/Electronics/altera/TM1638/TM1638_shifter.v          ;         ;
; lpm_counter.tdf                  ; yes             ; Megafunction                 ; c:/altera/13.0sp1/quartus/libraries/megafunctions/lpm_counter.tdf         ;         ;
; lpm_constant.inc                 ; yes             ; Megafunction                 ; c:/altera/13.0sp1/quartus/libraries/megafunctions/lpm_constant.inc        ;         ;
; lpm_decode.inc                   ; yes             ; Megafunction                 ; c:/altera/13.0sp1/quartus/libraries/megafunctions/lpm_decode.inc          ;         ;
; lpm_add_sub.inc                  ; yes             ; Megafunction                 ; c:/altera/13.0sp1/quartus/libraries/megafunctions/lpm_add_sub.inc         ;         ;
; cmpconst.inc                     ; yes             ; Megafunction                 ; c:/altera/13.0sp1/quartus/libraries/megafunctions/cmpconst.inc            ;         ;
; lpm_compare.inc                  ; yes             ; Megafunction                 ; c:/altera/13.0sp1/quartus/libraries/megafunctions/lpm_compare.inc         ;         ;
; lpm_counter.inc                  ; yes             ; Megafunction                 ; c:/altera/13.0sp1/quartus/libraries/megafunctions/lpm_counter.inc         ;         ;
; dffeea.inc                       ; yes             ; Megafunction                 ; c:/altera/13.0sp1/quartus/libraries/megafunctions/dffeea.inc              ;         ;
; alt_counter_stratix.inc          ; yes             ; Megafunction                 ; c:/altera/13.0sp1/quartus/libraries/megafunctions/alt_counter_stratix.inc ;         ;
; aglobal130.inc                   ; yes             ; Megafunction                 ; c:/altera/13.0sp1/quartus/libraries/megafunctions/aglobal130.inc          ;         ;
; db/cntr_6nh.tdf                  ; yes             ; Auto-Generated Megafunction  ; E:/OneDrive/Documents/Electronics/altera/TM1638/db/cntr_6nh.tdf           ;         ;
+----------------------------------+-----------------+------------------------------+---------------------------------------------------------------------------+---------+


+--------------------------------------------------------+
; Analysis & Synthesis Resource Usage Summary            ;
+---------------------------------------------+----------+
; Resource                                    ; Usage    ;
+---------------------------------------------+----------+
; Total logic elements                        ; 34       ;
;     -- Combinational with no register       ; 8        ;
;     -- Register only                        ; 0        ;
;     -- Combinational with a register        ; 26       ;
;                                             ;          ;
; Logic element usage by number of LUT inputs ;          ;
;     -- 4 input functions                    ; 8        ;
;     -- 3 input functions                    ; 0        ;
;     -- 2 input functions                    ; 25       ;
;     -- 1 input functions                    ; 1        ;
;     -- 0 input functions                    ; 0        ;
;                                             ;          ;
; Logic elements by mode                      ;          ;
;     -- normal mode                          ; 10       ;
;     -- arithmetic mode                      ; 24       ;
;     -- qfbk mode                            ; 0        ;
;     -- register cascade mode                ; 0        ;
;     -- synchronous clear/load mode          ; 0        ;
;     -- asynchronous clear/load mode         ; 25       ;
;                                             ;          ;
; Total registers                             ; 26       ;
; Total logic cells in carry chains           ; 25       ;
; I/O pins                                    ; 6        ;
; Maximum fan-out node                        ; clock_in ;
; Maximum fan-out                             ; 27       ;
; Total fan-out                               ; 136      ;
; Average fan-out                             ; 3.40     ;
+---------------------------------------------+----------+


+---------------------------------------------------------------------------------------------------------------------------------------------------------------------------------------------------------------------------------------------------------------------------------------------------------------+
; Analysis & Synthesis Resource Utilization by Entity                                                                                                                                                                                                                                                           ;
+-------------------------------------------+-------------+--------------+------------+------+--------------+--------------+-------------------+------------------+-----------------+------------+-----------------------------------------------------------------------------------------------+--------------+
; Compilation Hierarchy Node                ; Logic Cells ; LC Registers ; UFM Blocks ; Pins ; Virtual Pins ; LUT-Only LCs ; Register-Only LCs ; LUT/Register LCs ; Carry Chain LCs ; Packed LCs ; Full Hierarchy Name                                                                           ; Library Name ;
+-------------------------------------------+-------------+--------------+------------+------+--------------+--------------+-------------------+------------------+-----------------+------------+-----------------------------------------------------------------------------------------------+--------------+
; |tm1638                                   ; 34 (9)      ; 26           ; 0          ; 6    ; 0            ; 8 (8)        ; 0 (0)             ; 26 (1)           ; 25 (0)          ; 0 (0)      ; |tm1638                                                                                       ; work         ;
;    |cnt_clock_div:CNT_CLOCK_DIV|          ; 25 (0)      ; 25           ; 0          ; 0    ; 0            ; 0 (0)        ; 0 (0)             ; 25 (0)           ; 25 (0)          ; 0 (0)      ; |tm1638|cnt_clock_div:CNT_CLOCK_DIV                                                           ; work         ;
;       |lpm_counter:LPM_COUNTER_component| ; 25 (0)      ; 25           ; 0          ; 0    ; 0            ; 0 (0)        ; 0 (0)             ; 25 (0)           ; 25 (0)          ; 0 (0)      ; |tm1638|cnt_clock_div:CNT_CLOCK_DIV|lpm_counter:LPM_COUNTER_component                         ; work         ;
;          |cntr_6nh:auto_generated|        ; 25 (25)     ; 25           ; 0          ; 0    ; 0            ; 0 (0)        ; 0 (0)             ; 25 (25)          ; 25 (25)         ; 0 (0)      ; |tm1638|cnt_clock_div:CNT_CLOCK_DIV|lpm_counter:LPM_COUNTER_component|cntr_6nh:auto_generated ; work         ;
+-------------------------------------------+-------------+--------------+------------+------+--------------+--------------+-------------------+------------------+-----------------+------------+-----------------------------------------------------------------------------------------------+--------------+
Note: For table entries with two numbers listed, the numbers in parentheses indicate the number of resources of the given type used by the specific entity alone. The numbers listed outside of parentheses indicate the total resources of the given type used by the specific entity and all of its sub-entities in the hierarchy.


+-----------------------------------------------------------------------------------------------------------------------------------------------------------------------+
; Analysis & Synthesis IP Cores Summary                                                                                                                                 ;
+--------+--------------+---------+--------------+--------------+-------------------------------------+-----------------------------------------------------------------+
; Vendor ; IP Core Name ; Version ; Release Date ; License Type ; Entity Instance                     ; IP Include File                                                 ;
+--------+--------------+---------+--------------+--------------+-------------------------------------+-----------------------------------------------------------------+
; Altera ; LPM_COUNTER  ; N/A     ; N/A          ; N/A          ; |tm1638|cnt_clock_div:CNT_CLOCK_DIV ; E:/OneDrive/Documents/Electronics/altera/TM1638/cnt_clock_div.v ;
+--------+--------------+---------+--------------+--------------+-------------------------------------+-----------------------------------------------------------------+


Encoding Type:  One-Hot
+---------------------------------------------------------------------------------------------------------------------------------------------------------------+
; State Machine - |tm1638|TM1638_shifter:CMD|fstate                                                                                                             ;
+---------------+---------------+---------------+---------------+---------------+---------------+---------------+---------------+---------------+---------------+
; Name          ; fstate.state8 ; fstate.state7 ; fstate.state6 ; fstate.state5 ; fstate.state4 ; fstate.state3 ; fstate.state2 ; fstate.state1 ; fstate.state9 ;
+---------------+---------------+---------------+---------------+---------------+---------------+---------------+---------------+---------------+---------------+
; fstate.state1 ; 0             ; 0             ; 0             ; 0             ; 0             ; 0             ; 0             ; 0             ; 0             ;
; fstate.state2 ; 0             ; 0             ; 0             ; 0             ; 0             ; 0             ; 1             ; 1             ; 0             ;
; fstate.state3 ; 0             ; 0             ; 0             ; 0             ; 0             ; 1             ; 0             ; 1             ; 0             ;
; fstate.state4 ; 0             ; 0             ; 0             ; 0             ; 1             ; 0             ; 0             ; 1             ; 0             ;
; fstate.state5 ; 0             ; 0             ; 0             ; 1             ; 0             ; 0             ; 0             ; 1             ; 0             ;
; fstate.state6 ; 0             ; 0             ; 1             ; 0             ; 0             ; 0             ; 0             ; 1             ; 0             ;
; fstate.state7 ; 0             ; 1             ; 0             ; 0             ; 0             ; 0             ; 0             ; 1             ; 0             ;
; fstate.state8 ; 1             ; 0             ; 0             ; 0             ; 0             ; 0             ; 0             ; 1             ; 0             ;
; fstate.state9 ; 0             ; 0             ; 0             ; 0             ; 0             ; 0             ; 0             ; 1             ; 1             ;
+---------------+---------------+---------------+---------------+---------------+---------------+---------------+---------------+---------------+---------------+


+---------------------------------------------------------------------------------+
; Registers Removed During Synthesis                                              ;
+----------------------------------------+----------------------------------------+
; Register name                          ; Reason for Removal                     ;
+----------------------------------------+----------------------------------------+
; command_reset                          ; Stuck at VCC due to stuck port data_in ;
; state[2]                               ; Stuck at GND due to stuck port data_in ;
; data_in[4,5]                           ; Stuck at GND due to stuck port data_in ;
; data_in[1]                             ; Merged with data_in[0]                 ;
; data_in[7]                             ; Merged with data_in[3]                 ;
; TM1638_shifter:CMD|fstate~4            ; Lost fanout                            ;
; TM1638_shifter:CMD|fstate~5            ; Lost fanout                            ;
; TM1638_shifter:CMD|fstate~6            ; Lost fanout                            ;
; TM1638_shifter:CMD|fstate~8            ; Lost fanout                            ;
; TM1638_shifter:CMD|fstate~9            ; Lost fanout                            ;
; TM1638_shifter:CMD|fstate~10           ; Lost fanout                            ;
; TM1638_shifter:CMD|fstate~11           ; Lost fanout                            ;
; TM1638_shifter:CMD|fstate~12           ; Lost fanout                            ;
; TM1638_shifter:CMD|fstate.state9       ; Stuck at GND due to stuck port clear   ;
; TM1638_shifter:CMD|fstate.state1       ; Stuck at GND due to stuck port clear   ;
; TM1638_shifter:CMD|fstate.state2       ; Stuck at GND due to stuck port clear   ;
; TM1638_shifter:CMD|fstate.state3       ; Stuck at GND due to stuck port clear   ;
; TM1638_shifter:CMD|fstate.state4       ; Stuck at GND due to stuck port clear   ;
; TM1638_shifter:CMD|fstate.state5       ; Stuck at GND due to stuck port clear   ;
; TM1638_shifter:CMD|fstate.state6       ; Stuck at GND due to stuck port clear   ;
; TM1638_shifter:CMD|fstate.state7       ; Stuck at GND due to stuck port clear   ;
; TM1638_shifter:CMD|fstate.state8       ; Stuck at GND due to stuck port clear   ;
; data_in[0,2,3,6]                       ; Stuck at GND due to stuck port clock   ;
; state[0,1]                             ; Stuck at GND due to stuck port clock   ;
; Total Number of Removed Registers = 29 ;                                        ;
+----------------------------------------+----------------------------------------+


+---------------------------------------------------------------------------------------------------------------------------------------+
; Removed Registers Triggering Further Register Optimizations                                                                           ;
+----------------------------------+---------------------------+------------------------------------------------------------------------+
; Register name                    ; Reason for Removal        ; Registers Removed due to This Register                                 ;
+----------------------------------+---------------------------+------------------------------------------------------------------------+
; TM1638_shifter:CMD|fstate.state1 ; Stuck at GND              ; TM1638_shifter:CMD|fstate.state2, TM1638_shifter:CMD|fstate.state3,    ;
;                                  ; due to stuck port clear   ; TM1638_shifter:CMD|fstate.state4, TM1638_shifter:CMD|fstate.state5,    ;
;                                  ;                           ; TM1638_shifter:CMD|fstate.state6, TM1638_shifter:CMD|fstate.state7,    ;
;                                  ;                           ; TM1638_shifter:CMD|fstate.state8, state[0], state[1]                   ;
; state[2]                         ; Stuck at GND              ; data_in[4], data_in[5], data_in[3], data_in[6], data_in[2], data_in[0] ;
;                                  ; due to stuck port data_in ;                                                                        ;
+----------------------------------+---------------------------+------------------------------------------------------------------------+


+------------------------------------------------------+
; General Register Statistics                          ;
+----------------------------------------------+-------+
; Statistic                                    ; Value ;
+----------------------------------------------+-------+
; Total registers                              ; 26    ;
; Number of registers using Synchronous Clear  ; 0     ;
; Number of registers using Synchronous Load   ; 0     ;
; Number of registers using Asynchronous Clear ; 25    ;
; Number of registers using Asynchronous Load  ; 0     ;
; Number of registers using Clock Enable       ; 0     ;
; Number of registers using Preset             ; 0     ;
+----------------------------------------------+-------+


+------------------------------------------------------------------------------------------------------------------------------------------+
; Multiplexer Restructuring Statistics (Restructuring Performed)                                                                           ;
+--------------------+-----------+---------------+----------------------+------------------------+------------+----------------------------+
; Multiplexer Inputs ; Bus Width ; Baseline Area ; Area if Restructured ; Saving if Restructured ; Registered ; Example Multiplexer Output ;
+--------------------+-----------+---------------+----------------------+------------------------+------------+----------------------------+
; 4:1                ; 4 bits    ; 8 LEs         ; 8 LEs                ; 0 LEs                  ; Yes        ; |tm1638|data_in[3]         ;
+--------------------+-----------+---------------+----------------------+------------------------+------------+----------------------------+


+------------------------------------------------------------------------------------------------------------+
; Parameter Settings for User Entity Instance: cnt_clock_div:CNT_CLOCK_DIV|lpm_counter:LPM_COUNTER_component ;
+------------------------+-------------+---------------------------------------------------------------------+
; Parameter Name         ; Value       ; Type                                                                ;
+------------------------+-------------+---------------------------------------------------------------------+
; AUTO_CARRY_CHAINS      ; ON          ; AUTO_CARRY                                                          ;
; IGNORE_CARRY_BUFFERS   ; OFF         ; IGNORE_CARRY                                                        ;
; AUTO_CASCADE_CHAINS    ; ON          ; AUTO_CASCADE                                                        ;
; IGNORE_CASCADE_BUFFERS ; OFF         ; IGNORE_CASCADE                                                      ;
; LPM_WIDTH              ; 25          ; Signed Integer                                                      ;
; LPM_DIRECTION          ; UP          ; Untyped                                                             ;
; LPM_MODULUS            ; 0           ; Untyped                                                             ;
; LPM_AVALUE             ; UNUSED      ; Untyped                                                             ;
; LPM_SVALUE             ; UNUSED      ; Untyped                                                             ;
; LPM_PORT_UPDOWN        ; PORT_UNUSED ; Untyped                                                             ;
; DEVICE_FAMILY          ; MAX II      ; Untyped                                                             ;
; CARRY_CHAIN            ; MANUAL      ; Untyped                                                             ;
; CARRY_CHAIN_LENGTH     ; 48          ; CARRY_CHAIN_LENGTH                                                  ;
; NOT_GATE_PUSH_BACK     ; ON          ; NOT_GATE_PUSH_BACK                                                  ;
; CARRY_CNT_EN           ; SMART       ; Untyped                                                             ;
; LABWIDE_SCLR           ; ON          ; Untyped                                                             ;
; USE_NEW_VERSION        ; TRUE        ; Untyped                                                             ;
; CBXI_PARAMETER         ; cntr_6nh    ; Untyped                                                             ;
+------------------------+-------------+---------------------------------------------------------------------+
Note: In order to hide this table in the UI and the text report file, please set the "Show Parameter Settings in Synthesis Report" option in "Analysis and Synthesis Settings -> More Settings" to "Off".


+-----------------------------------------------------------------+
; Parameter Settings for User Entity Instance: TM1638_shifter:CMD ;
+----------------+-------+----------------------------------------+
; Parameter Name ; Value ; Type                                   ;
+----------------+-------+----------------------------------------+
; state1         ; 0     ; Signed Integer                         ;
; state2         ; 1     ; Signed Integer                         ;
; state3         ; 2     ; Signed Integer                         ;
; state4         ; 3     ; Signed Integer                         ;
; state5         ; 4     ; Signed Integer                         ;
; state6         ; 5     ; Signed Integer                         ;
; state7         ; 6     ; Signed Integer                         ;
; state8         ; 7     ; Signed Integer                         ;
; state9         ; 8     ; Signed Integer                         ;
+----------------+-------+----------------------------------------+
Note: In order to hide this table in the UI and the text report file, please set the "Show Parameter Settings in Synthesis Report" option in "Analysis and Synthesis Settings -> More Settings" to "Off".


+-------------------------------+
; Analysis & Synthesis Messages ;
+-------------------------------+
Info: *******************************************************************
Info: Running Quartus II 64-Bit Analysis & Synthesis
    Info: Version 13.0.1 Build 232 06/12/2013 Service Pack 1 SJ Web Edition
    Info: Processing started: Mon May 18 12:21:23 2020
Info: Command: quartus_map --read_settings_files=on --write_settings_files=off TM1638 -c TM1638
Warning (125092): Tcl Script File counter.qip not found
    Info (125063): set_global_assignment -name QIP_FILE counter.qip
Warning (20028): Parallel compilation is not licensed and has been disabled
Info (12021): Found 1 design units, including 1 entities, in source file tm1638.v
    Info (12023): Found entity 1: tm1638
Info (12021): Found 1 design units, including 1 entities, in source file cnt_clock_div.v
    Info (12023): Found entity 1: cnt_clock_div
Info (12021): Found 1 design units, including 1 entities, in source file tm1638_shifter.v
    Info (12023): Found entity 1: TM1638_shifter
Warning (10236): Verilog HDL Implicit Net warning at tm1638.v(30): created implicit net for "clock"
Info (12127): Elaborating entity "tm1638" for the top level hierarchy
Warning (10230): Verilog HDL assignment warning at tm1638.v(52): truncated value with size 32 to match size of target (3)
Info (12128): Elaborating entity "cnt_clock_div" for hierarchy "cnt_clock_div:CNT_CLOCK_DIV"
Info (12128): Elaborating entity "lpm_counter" for hierarchy "cnt_clock_div:CNT_CLOCK_DIV|lpm_counter:LPM_COUNTER_component"
Info (12130): Elaborated megafunction instantiation "cnt_clock_div:CNT_CLOCK_DIV|lpm_counter:LPM_COUNTER_component"
Info (12133): Instantiated megafunction "cnt_clock_div:CNT_CLOCK_DIV|lpm_counter:LPM_COUNTER_component" with the following parameter:
    Info (12134): Parameter "lpm_direction" = "UP"
    Info (12134): Parameter "lpm_port_updown" = "PORT_UNUSED"
    Info (12134): Parameter "lpm_type" = "LPM_COUNTER"
    Info (12134): Parameter "lpm_width" = "25"
Info (12021): Found 1 design units, including 1 entities, in source file db/cntr_6nh.tdf
    Info (12023): Found entity 1: cntr_6nh
Info (12128): Elaborating entity "cntr_6nh" for hierarchy "cnt_clock_div:CNT_CLOCK_DIV|lpm_counter:LPM_COUNTER_component|cntr_6nh:auto_generated"
Info (12128): Elaborating entity "TM1638_shifter" for hierarchy "TM1638_shifter:CMD"
Warning (13024): Output pins are stuck at VCC or GND
    Warning (13410): Pin "strobe" is stuck at GND
    Warning (13410): Pin "data_io" is stuck at GND
Info (17049): 8 registers lost all their fanouts during netlist optimizations.
Info (21057): Implemented 40 device resources after synthesis - the final resource count might be different
    Info (21058): Implemented 2 input pins
    Info (21059): Implemented 4 output pins
    Info (21061): Implemented 34 logic cells
Info: Quartus II 64-Bit Analysis & Synthesis was successful. 0 errors, 7 warnings
    Info: Peak virtual memory: 4576 megabytes
    Info: Processing ended: Mon May 18 12:21:24 2020
    Info: Elapsed time: 00:00:01
    Info: Total CPU time (on all processors): 00:00:01


